09:48:35.560 [main] ERROR c.a.druid.pool.DruidDataSource - {dataSource-1} init error
java.sql.SQLException: com.mysql.jdbc.Driver
	at com.alibaba.druid.util.JdbcUtils.createDriver(JdbcUtils.java:570)
	at com.alibaba.druid.pool.DruidDataSource.init(DruidDataSource.java:642)
	at sun.reflect.NativeMethodAccessorImpl.invoke0(Native Method)
	at sun.reflect.NativeMethodAccessorImpl.invoke(NativeMethodAccessorImpl.java:62)
	at sun.reflect.DelegatingMethodAccessorImpl.invoke(DelegatingMethodAccessorImpl.java:43)
	at java.lang.reflect.Method.invoke(Method.java:498)
	at org.springframework.beans.factory.support.AbstractAutowireCapableBeanFactory.invokeCustomInitMethod(AbstractAutowireCapableBeanFactory.java:1758)
	at org.springframework.beans.factory.support.AbstractAutowireCapableBeanFactory.invokeInitMethods(AbstractAutowireCapableBeanFactory.java:1695)
	at org.springframework.beans.factory.support.AbstractAutowireCapableBeanFactory.initializeBean(AbstractAutowireCapableBeanFactory.java:1624)
	at org.springframework.beans.factory.support.AbstractAutowireCapableBeanFactory.doCreateBean(AbstractAutowireCapableBeanFactory.java:555)
	at org.springframework.beans.factory.support.AbstractAutowireCapableBeanFactory.createBean(AbstractAutowireCapableBeanFactory.java:483)
	at org.springframework.beans.factory.support.AbstractBeanFactory$1.getObject(AbstractBeanFactory.java:306)
	at org.springframework.beans.factory.support.DefaultSingletonBeanRegistry.getSingleton(DefaultSingletonBeanRegistry.java:230)
	at org.springframework.beans.factory.support.AbstractBeanFactory.doGetBean(AbstractBeanFactory.java:302)
	at org.springframework.beans.factory.support.AbstractBeanFactory.getBean(AbstractBeanFactory.java:197)
	at org.springframework.beans.factory.support.BeanDefinitionValueResolver.resolveReference(BeanDefinitionValueResolver.java:351)
	at org.springframework.beans.factory.support.BeanDefinitionValueResolver.resolveValueIfNecessary(BeanDefinitionValueResolver.java:108)
	at org.springframework.beans.factory.support.ConstructorResolver.resolveConstructorArguments(ConstructorResolver.java:648)
	at org.springframework.beans.factory.support.ConstructorResolver.autowireConstructor(ConstructorResolver.java:145)
	at org.springframework.beans.factory.support.AbstractAutowireCapableBeanFactory.autowireConstructor(AbstractAutowireCapableBeanFactory.java:1193)
	at org.springframework.beans.factory.support.AbstractAutowireCapableBeanFactory.createBeanInstance(AbstractAutowireCapableBeanFactory.java:1095)
	at org.springframework.beans.factory.support.AbstractAutowireCapableBeanFactory.doCreateBean(AbstractAutowireCapableBeanFactory.java:513)
	at org.springframework.beans.factory.support.AbstractAutowireCapableBeanFactory.createBean(AbstractAutowireCapableBeanFactory.java:483)
	at org.springframework.beans.factory.support.AbstractBeanFactory$1.getObject(AbstractBeanFactory.java:306)
	at org.springframework.beans.factory.support.DefaultSingletonBeanRegistry.getSingleton(DefaultSingletonBeanRegistry.java:230)
	at org.springframework.beans.factory.support.AbstractBeanFactory.doGetBean(AbstractBeanFactory.java:302)
	at org.springframework.beans.factory.support.AbstractBeanFactory.getBean(AbstractBeanFactory.java:197)
	at org.springframework.beans.factory.support.BeanDefinitionValueResolver.resolveReference(BeanDefinitionValueResolver.java:351)
	at org.springframework.beans.factory.support.BeanDefinitionValueResolver.resolveValueIfNecessary(BeanDefinitionValueResolver.java:108)
	at org.springframework.beans.factory.support.ConstructorResolver.resolveConstructorArguments(ConstructorResolver.java:648)
	at org.springframework.beans.factory.support.ConstructorResolver.autowireConstructor(ConstructorResolver.java:145)
	at org.springframework.beans.factory.support.AbstractAutowireCapableBeanFactory.autowireConstructor(AbstractAutowireCapableBeanFactory.java:1193)
	at org.springframework.beans.factory.support.AbstractAutowireCapableBeanFactory.createBeanInstance(AbstractAutowireCapableBeanFactory.java:1095)
	at org.springframework.beans.factory.support.AbstractAutowireCapableBeanFactory.doCreateBean(AbstractAutowireCapableBeanFactory.java:513)
	at org.springframework.beans.factory.support.AbstractAutowireCapableBeanFactory.createBean(AbstractAutowireCapableBeanFactory.java:483)
	at org.springframework.beans.factory.support.AbstractBeanFactory$1.getObject(AbstractBeanFactory.java:306)
	at org.springframework.beans.factory.support.DefaultSingletonBeanRegistry.getSingleton(DefaultSingletonBeanRegistry.java:230)
	at org.springframework.beans.factory.support.AbstractBeanFactory.doGetBean(AbstractBeanFactory.java:302)
	at org.springframework.beans.factory.support.AbstractBeanFactory.getBean(AbstractBeanFactory.java:197)
	at org.springframework.beans.factory.support.BeanDefinitionValueResolver.resolveReference(BeanDefinitionValueResolver.java:351)
	at org.springframework.beans.factory.support.BeanDefinitionValueResolver.resolveValueIfNecessary(BeanDefinitionValueResolver.java:108)
	at org.springframework.beans.factory.support.AbstractAutowireCapableBeanFactory.applyPropertyValues(AbstractAutowireCapableBeanFactory.java:1531)
	at org.springframework.beans.factory.support.AbstractAutowireCapableBeanFactory.populateBean(AbstractAutowireCapableBeanFactory.java:1276)
	at org.springframework.beans.factory.support.AbstractAutowireCapableBeanFactory.doCreateBean(AbstractAutowireCapableBeanFactory.java:553)
	at org.springframework.beans.factory.support.AbstractAutowireCapableBeanFactory.createBean(AbstractAutowireCapableBeanFactory.java:483)
	at org.springframework.beans.factory.support.AbstractBeanFactory$1.getObject(AbstractBeanFactory.java:306)
	at org.springframework.beans.factory.support.DefaultSingletonBeanRegistry.getSingleton(DefaultSingletonBeanRegistry.java:230)
	at org.springframework.beans.factory.support.AbstractBeanFactory.doGetBean(AbstractBeanFactory.java:302)
	at org.springframework.beans.factory.support.AbstractBeanFactory.getBean(AbstractBeanFactory.java:197)
	at org.springframework.beans.factory.support.BeanDefinitionValueResolver.resolveReference(BeanDefinitionValueResolver.java:351)
	at org.springframework.beans.factory.support.BeanDefinitionValueResolver.resolveValueIfNecessary(BeanDefinitionValueResolver.java:108)
	at org.springframework.beans.factory.support.ConstructorResolver.resolveConstructorArguments(ConstructorResolver.java:648)
	at org.springframework.beans.factory.support.ConstructorResolver.autowireConstructor(ConstructorResolver.java:145)
	at org.springframework.beans.factory.support.AbstractAutowireCapableBeanFactory.autowireConstructor(AbstractAutowireCapableBeanFactory.java:1193)
	at org.springframework.beans.factory.support.AbstractAutowireCapableBeanFactory.createBeanInstance(AbstractAutowireCapableBeanFactory.java:1095)
	at org.springframework.beans.factory.support.AbstractAutowireCapableBeanFactory.doCreateBean(AbstractAutowireCapableBeanFactory.java:513)
	at org.springframework.beans.factory.support.AbstractAutowireCapableBeanFactory.createBean(AbstractAutowireCapableBeanFactory.java:483)
	at org.springframework.beans.factory.support.AbstractBeanFactory$1.getObject(AbstractBeanFactory.java:306)
	at org.springframework.beans.factory.support.DefaultSingletonBeanRegistry.getSingleton(DefaultSingletonBeanRegistry.java:230)
	at org.springframework.beans.factory.support.AbstractBeanFactory.doGetBean(AbstractBeanFactory.java:302)
	at org.springframework.beans.factory.support.AbstractBeanFactory.getBean(AbstractBeanFactory.java:202)
	at org.springframework.context.annotation.CommonAnnotationBeanPostProcessor.autowireResource(CommonAnnotationBeanPostProcessor.java:522)
	at org.springframework.context.annotation.CommonAnnotationBeanPostProcessor.getResource(CommonAnnotationBeanPostProcessor.java:496)
	at org.springframework.context.annotation.CommonAnnotationBeanPostProcessor$ResourceElement.getResourceToInject(CommonAnnotationBeanPostProcessor.java:627)
	at org.springframework.beans.factory.annotation.InjectionMetadata$InjectedElement.inject(InjectionMetadata.java:169)
	at org.springframework.beans.factory.annotation.InjectionMetadata.inject(InjectionMetadata.java:88)
	at org.springframework.context.annotation.CommonAnnotationBeanPostProcessor.postProcessPropertyValues(CommonAnnotationBeanPostProcessor.java:318)
	at org.springframework.beans.factory.support.AbstractAutowireCapableBeanFactory.populateBean(AbstractAutowireCapableBeanFactory.java:1264)
	at org.springframework.beans.factory.support.AbstractAutowireCapableBeanFactory.doCreateBean(AbstractAutowireCapableBeanFactory.java:553)
	at org.springframework.beans.factory.support.AbstractAutowireCapableBeanFactory.createBean(AbstractAutowireCapableBeanFactory.java:483)
	at org.springframework.beans.factory.support.AbstractBeanFactory$1.getObject(AbstractBeanFactory.java:306)
	at org.springframework.beans.factory.support.DefaultSingletonBeanRegistry.getSingleton(DefaultSingletonBeanRegistry.java:230)
	at org.springframework.beans.factory.support.AbstractBeanFactory.doGetBean(AbstractBeanFactory.java:302)
	at org.springframework.beans.factory.support.AbstractBeanFactory.getBean(AbstractBeanFactory.java:197)
	at org.springframework.beans.factory.support.DefaultListableBeanFactory.preInstantiateSingletons(DefaultListableBeanFactory.java:761)
	at org.springframework.context.support.AbstractApplicationContext.finishBeanFactoryInitialization(AbstractApplicationContext.java:866)
	at org.springframework.context.support.AbstractApplicationContext.refresh(AbstractApplicationContext.java:542)
	at org.springframework.context.support.ClassPathXmlApplicationContext.<init>(ClassPathXmlApplicationContext.java:139)
	at org.springframework.context.support.ClassPathXmlApplicationContext.<init>(ClassPathXmlApplicationContext.java:83)
	at com.canaan.privilege.TestMainLoader.main(TestMainLoader.java:16)
Caused by: java.lang.ClassNotFoundException: com.mysql.jdbc.Driver
	at java.net.URLClassLoader.findClass(URLClassLoader.java:381)
	at java.lang.ClassLoader.loadClass(ClassLoader.java:424)
	at sun.misc.Launcher$AppClassLoader.loadClass(Launcher.java:335)
	at java.lang.ClassLoader.loadClass(ClassLoader.java:357)
	at java.lang.Class.forName0(Native Method)
	at java.lang.Class.forName(Class.java:264)
	at com.alibaba.druid.util.JdbcUtils.createDriver(JdbcUtils.java:568)
	... 79 common frames omitted
09:54:47.978 [main] ERROR c.a.druid.pool.DruidDataSource - {dataSource-1} init error
java.sql.SQLException: com.mysql.jdbc.Driver
	at com.alibaba.druid.util.JdbcUtils.createDriver(JdbcUtils.java:570)
	at com.alibaba.druid.pool.DruidDataSource.init(DruidDataSource.java:642)
	at sun.reflect.NativeMethodAccessorImpl.invoke0(Native Method)
	at sun.reflect.NativeMethodAccessorImpl.invoke(NativeMethodAccessorImpl.java:62)
	at sun.reflect.DelegatingMethodAccessorImpl.invoke(DelegatingMethodAccessorImpl.java:43)
	at java.lang.reflect.Method.invoke(Method.java:498)
	at org.springframework.beans.factory.support.AbstractAutowireCapableBeanFactory.invokeCustomInitMethod(AbstractAutowireCapableBeanFactory.java:1758)
	at org.springframework.beans.factory.support.AbstractAutowireCapableBeanFactory.invokeInitMethods(AbstractAutowireCapableBeanFactory.java:1695)
	at org.springframework.beans.factory.support.AbstractAutowireCapableBeanFactory.initializeBean(AbstractAutowireCapableBeanFactory.java:1624)
	at org.springframework.beans.factory.support.AbstractAutowireCapableBeanFactory.doCreateBean(AbstractAutowireCapableBeanFactory.java:555)
	at org.springframework.beans.factory.support.AbstractAutowireCapableBeanFactory.createBean(AbstractAutowireCapableBeanFactory.java:483)
	at org.springframework.beans.factory.support.AbstractBeanFactory$1.getObject(AbstractBeanFactory.java:306)
	at org.springframework.beans.factory.support.DefaultSingletonBeanRegistry.getSingleton(DefaultSingletonBeanRegistry.java:230)
	at org.springframework.beans.factory.support.AbstractBeanFactory.doGetBean(AbstractBeanFactory.java:302)
	at org.springframework.beans.factory.support.AbstractBeanFactory.getBean(AbstractBeanFactory.java:197)
	at org.springframework.beans.factory.support.BeanDefinitionValueResolver.resolveReference(BeanDefinitionValueResolver.java:351)
	at org.springframework.beans.factory.support.BeanDefinitionValueResolver.resolveValueIfNecessary(BeanDefinitionValueResolver.java:108)
	at org.springframework.beans.factory.support.ConstructorResolver.resolveConstructorArguments(ConstructorResolver.java:648)
	at org.springframework.beans.factory.support.ConstructorResolver.autowireConstructor(ConstructorResolver.java:145)
	at org.springframework.beans.factory.support.AbstractAutowireCapableBeanFactory.autowireConstructor(AbstractAutowireCapableBeanFactory.java:1193)
	at org.springframework.beans.factory.support.AbstractAutowireCapableBeanFactory.createBeanInstance(AbstractAutowireCapableBeanFactory.java:1095)
	at org.springframework.beans.factory.support.AbstractAutowireCapableBeanFactory.doCreateBean(AbstractAutowireCapableBeanFactory.java:513)
	at org.springframework.beans.factory.support.AbstractAutowireCapableBeanFactory.createBean(AbstractAutowireCapableBeanFactory.java:483)
	at org.springframework.beans.factory.support.AbstractBeanFactory$1.getObject(AbstractBeanFactory.java:306)
	at org.springframework.beans.factory.support.DefaultSingletonBeanRegistry.getSingleton(DefaultSingletonBeanRegistry.java:230)
	at org.springframework.beans.factory.support.AbstractBeanFactory.doGetBean(AbstractBeanFactory.java:302)
	at org.springframework.beans.factory.support.AbstractBeanFactory.getBean(AbstractBeanFactory.java:197)
	at org.springframework.beans.factory.support.BeanDefinitionValueResolver.resolveReference(BeanDefinitionValueResolver.java:351)
	at org.springframework.beans.factory.support.BeanDefinitionValueResolver.resolveValueIfNecessary(BeanDefinitionValueResolver.java:108)
	at org.springframework.beans.factory.support.ConstructorResolver.resolveConstructorArguments(ConstructorResolver.java:648)
	at org.springframework.beans.factory.support.ConstructorResolver.autowireConstructor(ConstructorResolver.java:145)
	at org.springframework.beans.factory.support.AbstractAutowireCapableBeanFactory.autowireConstructor(AbstractAutowireCapableBeanFactory.java:1193)
	at org.springframework.beans.factory.support.AbstractAutowireCapableBeanFactory.createBeanInstance(AbstractAutowireCapableBeanFactory.java:1095)
	at org.springframework.beans.factory.support.AbstractAutowireCapableBeanFactory.doCreateBean(AbstractAutowireCapableBeanFactory.java:513)
	at org.springframework.beans.factory.support.AbstractAutowireCapableBeanFactory.createBean(AbstractAutowireCapableBeanFactory.java:483)
	at org.springframework.beans.factory.support.AbstractBeanFactory$1.getObject(AbstractBeanFactory.java:306)
	at org.springframework.beans.factory.support.DefaultSingletonBeanRegistry.getSingleton(DefaultSingletonBeanRegistry.java:230)
	at org.springframework.beans.factory.support.AbstractBeanFactory.doGetBean(AbstractBeanFactory.java:302)
	at org.springframework.beans.factory.support.AbstractBeanFactory.getBean(AbstractBeanFactory.java:197)
	at org.springframework.beans.factory.support.BeanDefinitionValueResolver.resolveReference(BeanDefinitionValueResolver.java:351)
	at org.springframework.beans.factory.support.BeanDefinitionValueResolver.resolveValueIfNecessary(BeanDefinitionValueResolver.java:108)
	at org.springframework.beans.factory.support.AbstractAutowireCapableBeanFactory.applyPropertyValues(AbstractAutowireCapableBeanFactory.java:1531)
	at org.springframework.beans.factory.support.AbstractAutowireCapableBeanFactory.populateBean(AbstractAutowireCapableBeanFactory.java:1276)
	at org.springframework.beans.factory.support.AbstractAutowireCapableBeanFactory.doCreateBean(AbstractAutowireCapableBeanFactory.java:553)
	at org.springframework.beans.factory.support.AbstractAutowireCapableBeanFactory.createBean(AbstractAutowireCapableBeanFactory.java:483)
	at org.springframework.beans.factory.support.AbstractBeanFactory$1.getObject(AbstractBeanFactory.java:306)
	at org.springframework.beans.factory.support.DefaultSingletonBeanRegistry.getSingleton(DefaultSingletonBeanRegistry.java:230)
	at org.springframework.beans.factory.support.AbstractBeanFactory.doGetBean(AbstractBeanFactory.java:302)
	at org.springframework.beans.factory.support.AbstractBeanFactory.getBean(AbstractBeanFactory.java:197)
	at org.springframework.beans.factory.support.BeanDefinitionValueResolver.resolveReference(BeanDefinitionValueResolver.java:351)
	at org.springframework.beans.factory.support.BeanDefinitionValueResolver.resolveValueIfNecessary(BeanDefinitionValueResolver.java:108)
	at org.springframework.beans.factory.support.ConstructorResolver.resolveConstructorArguments(ConstructorResolver.java:648)
	at org.springframework.beans.factory.support.ConstructorResolver.autowireConstructor(ConstructorResolver.java:145)
	at org.springframework.beans.factory.support.AbstractAutowireCapableBeanFactory.autowireConstructor(AbstractAutowireCapableBeanFactory.java:1193)
	at org.springframework.beans.factory.support.AbstractAutowireCapableBeanFactory.createBeanInstance(AbstractAutowireCapableBeanFactory.java:1095)
	at org.springframework.beans.factory.support.AbstractAutowireCapableBeanFactory.doCreateBean(AbstractAutowireCapableBeanFactory.java:513)
	at org.springframework.beans.factory.support.AbstractAutowireCapableBeanFactory.createBean(AbstractAutowireCapableBeanFactory.java:483)
	at org.springframework.beans.factory.support.AbstractBeanFactory$1.getObject(AbstractBeanFactory.java:306)
	at org.springframework.beans.factory.support.DefaultSingletonBeanRegistry.getSingleton(DefaultSingletonBeanRegistry.java:230)
	at org.springframework.beans.factory.support.AbstractBeanFactory.doGetBean(AbstractBeanFactory.java:302)
	at org.springframework.beans.factory.support.AbstractBeanFactory.getBean(AbstractBeanFactory.java:202)
	at org.springframework.context.annotation.CommonAnnotationBeanPostProcessor.autowireResource(CommonAnnotationBeanPostProcessor.java:522)
	at org.springframework.context.annotation.CommonAnnotationBeanPostProcessor.getResource(CommonAnnotationBeanPostProcessor.java:496)
	at org.springframework.context.annotation.CommonAnnotationBeanPostProcessor$ResourceElement.getResourceToInject(CommonAnnotationBeanPostProcessor.java:627)
	at org.springframework.beans.factory.annotation.InjectionMetadata$InjectedElement.inject(InjectionMetadata.java:169)
	at org.springframework.beans.factory.annotation.InjectionMetadata.inject(InjectionMetadata.java:88)
	at org.springframework.context.annotation.CommonAnnotationBeanPostProcessor.postProcessPropertyValues(CommonAnnotationBeanPostProcessor.java:318)
	at org.springframework.beans.factory.support.AbstractAutowireCapableBeanFactory.populateBean(AbstractAutowireCapableBeanFactory.java:1264)
	at org.springframework.beans.factory.support.AbstractAutowireCapableBeanFactory.doCreateBean(AbstractAutowireCapableBeanFactory.java:553)
	at org.springframework.beans.factory.support.AbstractAutowireCapableBeanFactory.createBean(AbstractAutowireCapableBeanFactory.java:483)
	at org.springframework.beans.factory.support.AbstractBeanFactory$1.getObject(AbstractBeanFactory.java:306)
	at org.springframework.beans.factory.support.DefaultSingletonBeanRegistry.getSingleton(DefaultSingletonBeanRegistry.java:230)
	at org.springframework.beans.factory.support.AbstractBeanFactory.doGetBean(AbstractBeanFactory.java:302)
	at org.springframework.beans.factory.support.AbstractBeanFactory.getBean(AbstractBeanFactory.java:197)
	at org.springframework.beans.factory.support.DefaultListableBeanFactory.preInstantiateSingletons(DefaultListableBeanFactory.java:761)
	at org.springframework.context.support.AbstractApplicationContext.finishBeanFactoryInitialization(AbstractApplicationContext.java:866)
	at org.springframework.context.support.AbstractApplicationContext.refresh(AbstractApplicationContext.java:542)
	at org.springframework.context.support.ClassPathXmlApplicationContext.<init>(ClassPathXmlApplicationContext.java:139)
	at org.springframework.context.support.ClassPathXmlApplicationContext.<init>(ClassPathXmlApplicationContext.java:83)
	at com.canaan.privilege.TestMainLoader.main(TestMainLoader.java:16)
Caused by: java.lang.ClassNotFoundException: com.mysql.jdbc.Driver
	at java.net.URLClassLoader.findClass(URLClassLoader.java:381)
	at java.lang.ClassLoader.loadClass(ClassLoader.java:424)
	at sun.misc.Launcher$AppClassLoader.loadClass(Launcher.java:335)
	at java.lang.ClassLoader.loadClass(ClassLoader.java:357)
	at java.lang.Class.forName0(Native Method)
	at java.lang.Class.forName(Class.java:264)
	at com.alibaba.druid.util.JdbcUtils.createDriver(JdbcUtils.java:568)
	... 79 common frames omitted
09:58:45.834 [main] ERROR c.a.druid.pool.DruidDataSource - {dataSource-1} init error
java.sql.SQLException: com.mysql.jdbc.Driver
	at com.alibaba.druid.util.JdbcUtils.createDriver(JdbcUtils.java:570)
	at com.alibaba.druid.pool.DruidDataSource.init(DruidDataSource.java:642)
	at sun.reflect.NativeMethodAccessorImpl.invoke0(Native Method)
	at sun.reflect.NativeMethodAccessorImpl.invoke(NativeMethodAccessorImpl.java:62)
	at sun.reflect.DelegatingMethodAccessorImpl.invoke(DelegatingMethodAccessorImpl.java:43)
	at java.lang.reflect.Method.invoke(Method.java:498)
	at org.springframework.beans.factory.support.AbstractAutowireCapableBeanFactory.invokeCustomInitMethod(AbstractAutowireCapableBeanFactory.java:1758)
	at org.springframework.beans.factory.support.AbstractAutowireCapableBeanFactory.invokeInitMethods(AbstractAutowireCapableBeanFactory.java:1695)
	at org.springframework.beans.factory.support.AbstractAutowireCapableBeanFactory.initializeBean(AbstractAutowireCapableBeanFactory.java:1624)
	at org.springframework.beans.factory.support.AbstractAutowireCapableBeanFactory.doCreateBean(AbstractAutowireCapableBeanFactory.java:555)
	at org.springframework.beans.factory.support.AbstractAutowireCapableBeanFactory.createBean(AbstractAutowireCapableBeanFactory.java:483)
	at org.springframework.beans.factory.support.AbstractBeanFactory$1.getObject(AbstractBeanFactory.java:306)
	at org.springframework.beans.factory.support.DefaultSingletonBeanRegistry.getSingleton(DefaultSingletonBeanRegistry.java:230)
	at org.springframework.beans.factory.support.AbstractBeanFactory.doGetBean(AbstractBeanFactory.java:302)
	at org.springframework.beans.factory.support.AbstractBeanFactory.getBean(AbstractBeanFactory.java:197)
	at org.springframework.beans.factory.support.BeanDefinitionValueResolver.resolveReference(BeanDefinitionValueResolver.java:351)
	at org.springframework.beans.factory.support.BeanDefinitionValueResolver.resolveValueIfNecessary(BeanDefinitionValueResolver.java:108)
	at org.springframework.beans.factory.support.ConstructorResolver.resolveConstructorArguments(ConstructorResolver.java:648)
	at org.springframework.beans.factory.support.ConstructorResolver.autowireConstructor(ConstructorResolver.java:145)
	at org.springframework.beans.factory.support.AbstractAutowireCapableBeanFactory.autowireConstructor(AbstractAutowireCapableBeanFactory.java:1193)
	at org.springframework.beans.factory.support.AbstractAutowireCapableBeanFactory.createBeanInstance(AbstractAutowireCapableBeanFactory.java:1095)
	at org.springframework.beans.factory.support.AbstractAutowireCapableBeanFactory.doCreateBean(AbstractAutowireCapableBeanFactory.java:513)
	at org.springframework.beans.factory.support.AbstractAutowireCapableBeanFactory.createBean(AbstractAutowireCapableBeanFactory.java:483)
	at org.springframework.beans.factory.support.AbstractBeanFactory$1.getObject(AbstractBeanFactory.java:306)
	at org.springframework.beans.factory.support.DefaultSingletonBeanRegistry.getSingleton(DefaultSingletonBeanRegistry.java:230)
	at org.springframework.beans.factory.support.AbstractBeanFactory.doGetBean(AbstractBeanFactory.java:302)
	at org.springframework.beans.factory.support.AbstractBeanFactory.getBean(AbstractBeanFactory.java:197)
	at org.springframework.beans.factory.support.BeanDefinitionValueResolver.resolveReference(BeanDefinitionValueResolver.java:351)
	at org.springframework.beans.factory.support.BeanDefinitionValueResolver.resolveValueIfNecessary(BeanDefinitionValueResolver.java:108)
	at org.springframework.beans.factory.support.ConstructorResolver.resolveConstructorArguments(ConstructorResolver.java:648)
	at org.springframework.beans.factory.support.ConstructorResolver.autowireConstructor(ConstructorResolver.java:145)
	at org.springframework.beans.factory.support.AbstractAutowireCapableBeanFactory.autowireConstructor(AbstractAutowireCapableBeanFactory.java:1193)
	at org.springframework.beans.factory.support.AbstractAutowireCapableBeanFactory.createBeanInstance(AbstractAutowireCapableBeanFactory.java:1095)
	at org.springframework.beans.factory.support.AbstractAutowireCapableBeanFactory.doCreateBean(AbstractAutowireCapableBeanFactory.java:513)
	at org.springframework.beans.factory.support.AbstractAutowireCapableBeanFactory.createBean(AbstractAutowireCapableBeanFactory.java:483)
	at org.springframework.beans.factory.support.AbstractBeanFactory$1.getObject(AbstractBeanFactory.java:306)
	at org.springframework.beans.factory.support.DefaultSingletonBeanRegistry.getSingleton(DefaultSingletonBeanRegistry.java:230)
	at org.springframework.beans.factory.support.AbstractBeanFactory.doGetBean(AbstractBeanFactory.java:302)
	at org.springframework.beans.factory.support.AbstractBeanFactory.getBean(AbstractBeanFactory.java:197)
	at org.springframework.beans.factory.support.BeanDefinitionValueResolver.resolveReference(BeanDefinitionValueResolver.java:351)
	at org.springframework.beans.factory.support.BeanDefinitionValueResolver.resolveValueIfNecessary(BeanDefinitionValueResolver.java:108)
	at org.springframework.beans.factory.support.AbstractAutowireCapableBeanFactory.applyPropertyValues(AbstractAutowireCapableBeanFactory.java:1531)
	at org.springframework.beans.factory.support.AbstractAutowireCapableBeanFactory.populateBean(AbstractAutowireCapableBeanFactory.java:1276)
	at org.springframework.beans.factory.support.AbstractAutowireCapableBeanFactory.doCreateBean(AbstractAutowireCapableBeanFactory.java:553)
	at org.springframework.beans.factory.support.AbstractAutowireCapableBeanFactory.createBean(AbstractAutowireCapableBeanFactory.java:483)
	at org.springframework.beans.factory.support.AbstractBeanFactory$1.getObject(AbstractBeanFactory.java:306)
	at org.springframework.beans.factory.support.DefaultSingletonBeanRegistry.getSingleton(DefaultSingletonBeanRegistry.java:230)
	at org.springframework.beans.factory.support.AbstractBeanFactory.doGetBean(AbstractBeanFactory.java:302)
	at org.springframework.beans.factory.support.AbstractBeanFactory.getBean(AbstractBeanFactory.java:197)
	at org.springframework.beans.factory.support.BeanDefinitionValueResolver.resolveReference(BeanDefinitionValueResolver.java:351)
	at org.springframework.beans.factory.support.BeanDefinitionValueResolver.resolveValueIfNecessary(BeanDefinitionValueResolver.java:108)
	at org.springframework.beans.factory.support.ConstructorResolver.resolveConstructorArguments(ConstructorResolver.java:648)
	at org.springframework.beans.factory.support.ConstructorResolver.autowireConstructor(ConstructorResolver.java:145)
	at org.springframework.beans.factory.support.AbstractAutowireCapableBeanFactory.autowireConstructor(AbstractAutowireCapableBeanFactory.java:1193)
	at org.springframework.beans.factory.support.AbstractAutowireCapableBeanFactory.createBeanInstance(AbstractAutowireCapableBeanFactory.java:1095)
	at org.springframework.beans.factory.support.AbstractAutowireCapableBeanFactory.doCreateBean(AbstractAutowireCapableBeanFactory.java:513)
	at org.springframework.beans.factory.support.AbstractAutowireCapableBeanFactory.createBean(AbstractAutowireCapableBeanFactory.java:483)
	at org.springframework.beans.factory.support.AbstractBeanFactory$1.getObject(AbstractBeanFactory.java:306)
	at org.springframework.beans.factory.support.DefaultSingletonBeanRegistry.getSingleton(DefaultSingletonBeanRegistry.java:230)
	at org.springframework.beans.factory.support.AbstractBeanFactory.doGetBean(AbstractBeanFactory.java:302)
	at org.springframework.beans.factory.support.AbstractBeanFactory.getBean(AbstractBeanFactory.java:202)
	at org.springframework.context.annotation.CommonAnnotationBeanPostProcessor.autowireResource(CommonAnnotationBeanPostProcessor.java:522)
	at org.springframework.context.annotation.CommonAnnotationBeanPostProcessor.getResource(CommonAnnotationBeanPostProcessor.java:496)
	at org.springframework.context.annotation.CommonAnnotationBeanPostProcessor$ResourceElement.getResourceToInject(CommonAnnotationBeanPostProcessor.java:627)
	at org.springframework.beans.factory.annotation.InjectionMetadata$InjectedElement.inject(InjectionMetadata.java:169)
	at org.springframework.beans.factory.annotation.InjectionMetadata.inject(InjectionMetadata.java:88)
	at org.springframework.context.annotation.CommonAnnotationBeanPostProcessor.postProcessPropertyValues(CommonAnnotationBeanPostProcessor.java:318)
	at org.springframework.beans.factory.support.AbstractAutowireCapableBeanFactory.populateBean(AbstractAutowireCapableBeanFactory.java:1264)
	at org.springframework.beans.factory.support.AbstractAutowireCapableBeanFactory.doCreateBean(AbstractAutowireCapableBeanFactory.java:553)
	at org.springframework.beans.factory.support.AbstractAutowireCapableBeanFactory.createBean(AbstractAutowireCapableBeanFactory.java:483)
	at org.springframework.beans.factory.support.AbstractBeanFactory$1.getObject(AbstractBeanFactory.java:306)
	at org.springframework.beans.factory.support.DefaultSingletonBeanRegistry.getSingleton(DefaultSingletonBeanRegistry.java:230)
	at org.springframework.beans.factory.support.AbstractBeanFactory.doGetBean(AbstractBeanFactory.java:302)
	at org.springframework.beans.factory.support.AbstractBeanFactory.getBean(AbstractBeanFactory.java:197)
	at org.springframework.beans.factory.support.DefaultListableBeanFactory.preInstantiateSingletons(DefaultListableBeanFactory.java:761)
	at org.springframework.context.support.AbstractApplicationContext.finishBeanFactoryInitialization(AbstractApplicationContext.java:866)
	at org.springframework.context.support.AbstractApplicationContext.refresh(AbstractApplicationContext.java:542)
	at org.springframework.context.support.ClassPathXmlApplicationContext.<init>(ClassPathXmlApplicationContext.java:139)
	at org.springframework.context.support.ClassPathXmlApplicationContext.<init>(ClassPathXmlApplicationContext.java:83)
	at com.canaan.privilege.TestMainLoader.main(TestMainLoader.java:16)
Caused by: java.lang.ClassNotFoundException: com.mysql.jdbc.Driver
	at java.net.URLClassLoader.findClass(URLClassLoader.java:381)
	at java.lang.ClassLoader.loadClass(ClassLoader.java:424)
	at sun.misc.Launcher$AppClassLoader.loadClass(Launcher.java:335)
	at java.lang.ClassLoader.loadClass(ClassLoader.java:357)
	at java.lang.Class.forName0(Native Method)
	at java.lang.Class.forName(Class.java:264)
	at com.alibaba.druid.util.JdbcUtils.createDriver(JdbcUtils.java:568)
	... 79 common frames omitted
09:59:26.532 [main] ERROR c.a.druid.pool.DruidDataSource - {dataSource-1} init error
java.sql.SQLException: com.mysql.jdbc.Driver
	at com.alibaba.druid.util.JdbcUtils.createDriver(JdbcUtils.java:570)
	at com.alibaba.druid.pool.DruidDataSource.init(DruidDataSource.java:642)
	at sun.reflect.NativeMethodAccessorImpl.invoke0(Native Method)
	at sun.reflect.NativeMethodAccessorImpl.invoke(NativeMethodAccessorImpl.java:62)
	at sun.reflect.DelegatingMethodAccessorImpl.invoke(DelegatingMethodAccessorImpl.java:43)
	at java.lang.reflect.Method.invoke(Method.java:498)
	at org.springframework.beans.factory.support.AbstractAutowireCapableBeanFactory.invokeCustomInitMethod(AbstractAutowireCapableBeanFactory.java:1758)
	at org.springframework.beans.factory.support.AbstractAutowireCapableBeanFactory.invokeInitMethods(AbstractAutowireCapableBeanFactory.java:1695)
	at org.springframework.beans.factory.support.AbstractAutowireCapableBeanFactory.initializeBean(AbstractAutowireCapableBeanFactory.java:1624)
	at org.springframework.beans.factory.support.AbstractAutowireCapableBeanFactory.doCreateBean(AbstractAutowireCapableBeanFactory.java:555)
	at org.springframework.beans.factory.support.AbstractAutowireCapableBeanFactory.createBean(AbstractAutowireCapableBeanFactory.java:483)
	at org.springframework.beans.factory.support.AbstractBeanFactory$1.getObject(AbstractBeanFactory.java:306)
	at org.springframework.beans.factory.support.DefaultSingletonBeanRegistry.getSingleton(DefaultSingletonBeanRegistry.java:230)
	at org.springframework.beans.factory.support.AbstractBeanFactory.doGetBean(AbstractBeanFactory.java:302)
	at org.springframework.beans.factory.support.AbstractBeanFactory.getBean(AbstractBeanFactory.java:197)
	at org.springframework.beans.factory.support.BeanDefinitionValueResolver.resolveReference(BeanDefinitionValueResolver.java:351)
	at org.springframework.beans.factory.support.BeanDefinitionValueResolver.resolveValueIfNecessary(BeanDefinitionValueResolver.java:108)
	at org.springframework.beans.factory.support.ConstructorResolver.resolveConstructorArguments(ConstructorResolver.java:648)
	at org.springframework.beans.factory.support.ConstructorResolver.autowireConstructor(ConstructorResolver.java:145)
	at org.springframework.beans.factory.support.AbstractAutowireCapableBeanFactory.autowireConstructor(AbstractAutowireCapableBeanFactory.java:1193)
	at org.springframework.beans.factory.support.AbstractAutowireCapableBeanFactory.createBeanInstance(AbstractAutowireCapableBeanFactory.java:1095)
	at org.springframework.beans.factory.support.AbstractAutowireCapableBeanFactory.doCreateBean(AbstractAutowireCapableBeanFactory.java:513)
	at org.springframework.beans.factory.support.AbstractAutowireCapableBeanFactory.createBean(AbstractAutowireCapableBeanFactory.java:483)
	at org.springframework.beans.factory.support.AbstractBeanFactory$1.getObject(AbstractBeanFactory.java:306)
	at org.springframework.beans.factory.support.DefaultSingletonBeanRegistry.getSingleton(DefaultSingletonBeanRegistry.java:230)
	at org.springframework.beans.factory.support.AbstractBeanFactory.doGetBean(AbstractBeanFactory.java:302)
	at org.springframework.beans.factory.support.AbstractBeanFactory.getBean(AbstractBeanFactory.java:197)
	at org.springframework.beans.factory.support.BeanDefinitionValueResolver.resolveReference(BeanDefinitionValueResolver.java:351)
	at org.springframework.beans.factory.support.BeanDefinitionValueResolver.resolveValueIfNecessary(BeanDefinitionValueResolver.java:108)
	at org.springframework.beans.factory.support.ConstructorResolver.resolveConstructorArguments(ConstructorResolver.java:648)
	at org.springframework.beans.factory.support.ConstructorResolver.autowireConstructor(ConstructorResolver.java:145)
	at org.springframework.beans.factory.support.AbstractAutowireCapableBeanFactory.autowireConstructor(AbstractAutowireCapableBeanFactory.java:1193)
	at org.springframework.beans.factory.support.AbstractAutowireCapableBeanFactory.createBeanInstance(AbstractAutowireCapableBeanFactory.java:1095)
	at org.springframework.beans.factory.support.AbstractAutowireCapableBeanFactory.doCreateBean(AbstractAutowireCapableBeanFactory.java:513)
	at org.springframework.beans.factory.support.AbstractAutowireCapableBeanFactory.createBean(AbstractAutowireCapableBeanFactory.java:483)
	at org.springframework.beans.factory.support.AbstractBeanFactory$1.getObject(AbstractBeanFactory.java:306)
	at org.springframework.beans.factory.support.DefaultSingletonBeanRegistry.getSingleton(DefaultSingletonBeanRegistry.java:230)
	at org.springframework.beans.factory.support.AbstractBeanFactory.doGetBean(AbstractBeanFactory.java:302)
	at org.springframework.beans.factory.support.AbstractBeanFactory.getBean(AbstractBeanFactory.java:197)
	at org.springframework.beans.factory.support.BeanDefinitionValueResolver.resolveReference(BeanDefinitionValueResolver.java:351)
	at org.springframework.beans.factory.support.BeanDefinitionValueResolver.resolveValueIfNecessary(BeanDefinitionValueResolver.java:108)
	at org.springframework.beans.factory.support.AbstractAutowireCapableBeanFactory.applyPropertyValues(AbstractAutowireCapableBeanFactory.java:1531)
	at org.springframework.beans.factory.support.AbstractAutowireCapableBeanFactory.populateBean(AbstractAutowireCapableBeanFactory.java:1276)
	at org.springframework.beans.factory.support.AbstractAutowireCapableBeanFactory.doCreateBean(AbstractAutowireCapableBeanFactory.java:553)
	at org.springframework.beans.factory.support.AbstractAutowireCapableBeanFactory.createBean(AbstractAutowireCapableBeanFactory.java:483)
	at org.springframework.beans.factory.support.AbstractBeanFactory$1.getObject(AbstractBeanFactory.java:306)
	at org.springframework.beans.factory.support.DefaultSingletonBeanRegistry.getSingleton(DefaultSingletonBeanRegistry.java:230)
	at org.springframework.beans.factory.support.AbstractBeanFactory.doGetBean(AbstractBeanFactory.java:302)
	at org.springframework.beans.factory.support.AbstractBeanFactory.getBean(AbstractBeanFactory.java:197)
	at org.springframework.beans.factory.support.BeanDefinitionValueResolver.resolveReference(BeanDefinitionValueResolver.java:351)
	at org.springframework.beans.factory.support.BeanDefinitionValueResolver.resolveValueIfNecessary(BeanDefinitionValueResolver.java:108)
	at org.springframework.beans.factory.support.ConstructorResolver.resolveConstructorArguments(ConstructorResolver.java:648)
	at org.springframework.beans.factory.support.ConstructorResolver.autowireConstructor(ConstructorResolver.java:145)
	at org.springframework.beans.factory.support.AbstractAutowireCapableBeanFactory.autowireConstructor(AbstractAutowireCapableBeanFactory.java:1193)
	at org.springframework.beans.factory.support.AbstractAutowireCapableBeanFactory.createBeanInstance(AbstractAutowireCapableBeanFactory.java:1095)
	at org.springframework.beans.factory.support.AbstractAutowireCapableBeanFactory.doCreateBean(AbstractAutowireCapableBeanFactory.java:513)
	at org.springframework.beans.factory.support.AbstractAutowireCapableBeanFactory.createBean(AbstractAutowireCapableBeanFactory.java:483)
	at org.springframework.beans.factory.support.AbstractBeanFactory$1.getObject(AbstractBeanFactory.java:306)
	at org.springframework.beans.factory.support.DefaultSingletonBeanRegistry.getSingleton(DefaultSingletonBeanRegistry.java:230)
	at org.springframework.beans.factory.support.AbstractBeanFactory.doGetBean(AbstractBeanFactory.java:302)
	at org.springframework.beans.factory.support.AbstractBeanFactory.getBean(AbstractBeanFactory.java:202)
	at org.springframework.context.annotation.CommonAnnotationBeanPostProcessor.autowireResource(CommonAnnotationBeanPostProcessor.java:522)
	at org.springframework.context.annotation.CommonAnnotationBeanPostProcessor.getResource(CommonAnnotationBeanPostProcessor.java:496)
	at org.springframework.context.annotation.CommonAnnotationBeanPostProcessor$ResourceElement.getResourceToInject(CommonAnnotationBeanPostProcessor.java:627)
	at org.springframework.beans.factory.annotation.InjectionMetadata$InjectedElement.inject(InjectionMetadata.java:169)
	at org.springframework.beans.factory.annotation.InjectionMetadata.inject(InjectionMetadata.java:88)
	at org.springframework.context.annotation.CommonAnnotationBeanPostProcessor.postProcessPropertyValues(CommonAnnotationBeanPostProcessor.java:318)
	at org.springframework.beans.factory.support.AbstractAutowireCapableBeanFactory.populateBean(AbstractAutowireCapableBeanFactory.java:1264)
	at org.springframework.beans.factory.support.AbstractAutowireCapableBeanFactory.doCreateBean(AbstractAutowireCapableBeanFactory.java:553)
	at org.springframework.beans.factory.support.AbstractAutowireCapableBeanFactory.createBean(AbstractAutowireCapableBeanFactory.java:483)
	at org.springframework.beans.factory.support.AbstractBeanFactory$1.getObject(AbstractBeanFactory.java:306)
	at org.springframework.beans.factory.support.DefaultSingletonBeanRegistry.getSingleton(DefaultSingletonBeanRegistry.java:230)
	at org.springframework.beans.factory.support.AbstractBeanFactory.doGetBean(AbstractBeanFactory.java:302)
	at org.springframework.beans.factory.support.AbstractBeanFactory.getBean(AbstractBeanFactory.java:197)
	at org.springframework.beans.factory.support.DefaultListableBeanFactory.preInstantiateSingletons(DefaultListableBeanFactory.java:761)
	at org.springframework.context.support.AbstractApplicationContext.finishBeanFactoryInitialization(AbstractApplicationContext.java:866)
	at org.springframework.context.support.AbstractApplicationContext.refresh(AbstractApplicationContext.java:542)
	at org.springframework.context.support.ClassPathXmlApplicationContext.<init>(ClassPathXmlApplicationContext.java:139)
	at org.springframework.context.support.ClassPathXmlApplicationContext.<init>(ClassPathXmlApplicationContext.java:83)
	at com.canaan.privilege.TestMainLoader.testStartDubbo(TestMainLoader.java:26)
	at sun.reflect.NativeMethodAccessorImpl.invoke0(Native Method)
	at sun.reflect.NativeMethodAccessorImpl.invoke(NativeMethodAccessorImpl.java:62)
	at sun.reflect.DelegatingMethodAccessorImpl.invoke(DelegatingMethodAccessorImpl.java:43)
	at java.lang.reflect.Method.invoke(Method.java:498)
	at org.junit.runners.model.FrameworkMethod$1.runReflectiveCall(FrameworkMethod.java:50)
	at org.junit.internal.runners.model.ReflectiveCallable.run(ReflectiveCallable.java:12)
	at org.junit.runners.model.FrameworkMethod.invokeExplosively(FrameworkMethod.java:47)
	at org.junit.internal.runners.statements.InvokeMethod.evaluate(InvokeMethod.java:17)
	at org.junit.runners.ParentRunner.runLeaf(ParentRunner.java:325)
	at org.junit.runners.BlockJUnit4ClassRunner.runChild(BlockJUnit4ClassRunner.java:78)
	at org.junit.runners.BlockJUnit4ClassRunner.runChild(BlockJUnit4ClassRunner.java:57)
	at org.junit.runners.ParentRunner$3.run(ParentRunner.java:290)
	at org.junit.runners.ParentRunner$1.schedule(ParentRunner.java:71)
	at org.junit.runners.ParentRunner.runChildren(ParentRunner.java:288)
	at org.junit.runners.ParentRunner.access$000(ParentRunner.java:58)
	at org.junit.runners.ParentRunner$2.evaluate(ParentRunner.java:268)
	at org.junit.runners.ParentRunner.run(ParentRunner.java:363)
	at org.eclipse.jdt.internal.junit4.runner.JUnit4TestReference.run(JUnit4TestReference.java:86)
	at org.eclipse.jdt.internal.junit.runner.TestExecution.run(TestExecution.java:38)
	at org.eclipse.jdt.internal.junit.runner.RemoteTestRunner.runTests(RemoteTestRunner.java:459)
	at org.eclipse.jdt.internal.junit.runner.RemoteTestRunner.runTests(RemoteTestRunner.java:678)
	at org.eclipse.jdt.internal.junit.runner.RemoteTestRunner.run(RemoteTestRunner.java:382)
	at org.eclipse.jdt.internal.junit.runner.RemoteTestRunner.main(RemoteTestRunner.java:192)
Caused by: java.lang.ClassNotFoundException: com.mysql.jdbc.Driver
	at java.net.URLClassLoader.findClass(URLClassLoader.java:381)
	at java.lang.ClassLoader.loadClass(ClassLoader.java:424)
	at sun.misc.Launcher$AppClassLoader.loadClass(Launcher.java:335)
	at java.lang.ClassLoader.loadClass(ClassLoader.java:357)
	at java.lang.Class.forName0(Native Method)
	at java.lang.Class.forName(Class.java:264)
	at com.alibaba.druid.util.JdbcUtils.createDriver(JdbcUtils.java:568)
	... 102 common frames omitted
10:01:24.937 [main] INFO  c.a.druid.pool.DruidDataSource - {dataSource-1} inited
10:01:24.944 [Druid-ConnectionPool-Log-463215441] INFO  c.a.d.p.DruidDataSourceStatLoggerImpl - {"url":"jdbc:mysql://10.0.0.100:3306/dubbo_test?serverTimezone=GMT&useUnicode=true&characterEncoding=UTF-8","dbType":"mysql","name":"DataSource-463215441","activeCount":0,"poolingCount":1,"poolingPeak":1,"poolingPeakTime":"2017-12-12 10:01:24","connectCount":0,"closeCount":0,"physicalConnectCount":1}
10:01:24.976 [main] INFO  c.a.druid.pool.DruidDataSource - {dataSource-1} closed
10:23:00.514 [main] INFO  c.a.druid.pool.DruidDataSource - {dataSource-1} inited
10:23:00.527 [Druid-ConnectionPool-Log-635001030] INFO  c.a.d.p.DruidDataSourceStatLoggerImpl - {"url":"jdbc:mysql://10.0.0.100:3306/dubbo_test?serverTimezone=GMT&useUnicode=true&characterEncoding=UTF-8","dbType":"mysql","name":"DataSource-635001030","activeCount":0,"poolingCount":1,"poolingPeak":1,"poolingPeakTime":"2017-12-12 10:23:00","connectCount":0,"closeCount":0,"physicalConnectCount":1}
10:23:00.552 [main] INFO  c.a.druid.pool.DruidDataSource - {dataSource-1} closed
10:45:46.949 [main] INFO  c.a.druid.pool.DruidDataSource - {dataSource-1} inited
10:45:46.951 [Druid-ConnectionPool-Log-719182854] INFO  c.a.d.p.DruidDataSourceStatLoggerImpl - {"url":"jdbc:mysql://10.0.0.100:3306/dubbo_test?serverTimezone=GMT&useUnicode=true&characterEncoding=UTF-8","dbType":"mysql","name":"DataSource-719182854","activeCount":0,"poolingCount":1,"poolingPeak":1,"poolingPeakTime":"2017-12-12 10:45:46","connectCount":0,"closeCount":0,"physicalConnectCount":1}
10:46:50.866 [main] INFO  c.a.druid.pool.DruidDataSource - {dataSource-1} inited
10:46:50.877 [Druid-ConnectionPool-Log-1832657711] INFO  c.a.d.p.DruidDataSourceStatLoggerImpl - {"url":"jdbc:mysql://10.0.0.100:3306/dubbo_test?serverTimezone=GMT&useUnicode=true&characterEncoding=UTF-8","dbType":"mysql","name":"DataSource-1832657711","activeCount":0,"poolingCount":1,"poolingPeak":1,"poolingPeakTime":"2017-12-12 10:46:50","connectCount":0,"closeCount":0,"physicalConnectCount":1}
10:47:11.121 [main] INFO  c.a.druid.pool.DruidDataSource - {dataSource-1} closed
11:02:36.445 [main] INFO  c.a.druid.pool.DruidDataSource - {dataSource-1} inited
11:02:36.450 [Druid-ConnectionPool-Log-982634822] INFO  c.a.d.p.DruidDataSourceStatLoggerImpl - {"url":"jdbc:mysql://10.0.0.100:3306/dubbo_test?serverTimezone=GMT&useUnicode=true&characterEncoding=UTF-8","dbType":"mysql","name":"DataSource-982634822","activeCount":0,"poolingCount":1,"poolingPeak":1,"poolingPeakTime":"2017-12-12 11:02:36","connectCount":0,"closeCount":0,"physicalConnectCount":1}
11:03:10.306 [main] INFO  c.a.druid.pool.DruidDataSource - {dataSource-1} closed
11:05:22.744 [main] INFO  c.a.druid.pool.DruidDataSource - {dataSource-1} inited
11:05:22.746 [Druid-ConnectionPool-Log-1649498695] INFO  c.a.d.p.DruidDataSourceStatLoggerImpl - {"url":"jdbc:mysql://10.0.0.100:3306/dubbo_test?serverTimezone=GMT&useUnicode=true&characterEncoding=UTF-8","dbType":"mysql","name":"DataSource-1649498695","activeCount":0,"poolingCount":1,"poolingPeak":1,"poolingPeakTime":"2017-12-12 11:05:22","connectCount":0,"closeCount":0,"physicalConnectCount":1}
11:06:26.857 [main] INFO  c.a.druid.pool.DruidDataSource - {dataSource-1} inited
11:06:26.887 [Druid-ConnectionPool-Log-2040623756] INFO  c.a.d.p.DruidDataSourceStatLoggerImpl - {"url":"jdbc:mysql://10.0.0.100:3306/dubbo_test?serverTimezone=GMT&useUnicode=true&characterEncoding=UTF-8","dbType":"mysql","name":"DataSource-2040623756","activeCount":0,"poolingCount":1,"poolingPeak":1,"poolingPeakTime":"2017-12-12 11:06:26","connectCount":0,"closeCount":0,"physicalConnectCount":1}
11:43:14.465 [main] INFO  c.a.druid.pool.DruidDataSource - {dataSource-1} inited
11:43:14.471 [Druid-ConnectionPool-Log-2135790485] INFO  c.a.d.p.DruidDataSourceStatLoggerImpl - {"url":"jdbc:mysql://10.0.0.100:3306/dubbo_test?serverTimezone=GMT&useUnicode=true&characterEncoding=UTF-8","dbType":"mysql","name":"DataSource-2135790485","activeCount":0,"poolingCount":1,"poolingPeak":1,"poolingPeakTime":"2017-12-12 11:43:14","connectCount":0,"closeCount":0,"physicalConnectCount":1}
11:45:53.402 [main] INFO  c.a.druid.pool.DruidDataSource - {dataSource-1} inited
11:45:53.409 [Druid-ConnectionPool-Log-1424439581] INFO  c.a.d.p.DruidDataSourceStatLoggerImpl - {"url":"jdbc:mysql://10.0.0.100:3306/dubbo_test?serverTimezone=GMT&useUnicode=true&characterEncoding=UTF-8","dbType":"mysql","name":"DataSource-1424439581","activeCount":0,"poolingCount":1,"poolingPeak":1,"poolingPeakTime":"2017-12-12 11:45:53","connectCount":0,"closeCount":0,"physicalConnectCount":1}
11:50:53.409 [Druid-ConnectionPool-Log-1424439581] INFO  c.a.d.p.DruidDataSourceStatLoggerImpl - {"url":"jdbc:mysql://10.0.0.100:3306/dubbo_test?serverTimezone=GMT&useUnicode=true&characterEncoding=UTF-8","dbType":"mysql","name":"DataSource-1424439581","activeCount":0,"poolingCount":1,"connectCount":0,"closeCount":0}
11:55:53.410 [Druid-ConnectionPool-Log-1424439581] INFO  c.a.d.p.DruidDataSourceStatLoggerImpl - {"url":"jdbc:mysql://10.0.0.100:3306/dubbo_test?serverTimezone=GMT&useUnicode=true&characterEncoding=UTF-8","dbType":"mysql","name":"DataSource-1424439581","activeCount":0,"poolingCount":1,"connectCount":0,"closeCount":0}
12:00:53.411 [Druid-ConnectionPool-Log-1424439581] INFO  c.a.d.p.DruidDataSourceStatLoggerImpl - {"url":"jdbc:mysql://10.0.0.100:3306/dubbo_test?serverTimezone=GMT&useUnicode=true&characterEncoding=UTF-8","dbType":"mysql","name":"DataSource-1424439581","activeCount":0,"poolingCount":1,"connectCount":0,"closeCount":0}
12:05:53.411 [Druid-ConnectionPool-Log-1424439581] INFO  c.a.d.p.DruidDataSourceStatLoggerImpl - {"url":"jdbc:mysql://10.0.0.100:3306/dubbo_test?serverTimezone=GMT&useUnicode=true&characterEncoding=UTF-8","dbType":"mysql","name":"DataSource-1424439581","activeCount":0,"poolingCount":1,"connectCount":0,"closeCount":0}
12:10:53.411 [Druid-ConnectionPool-Log-1424439581] INFO  c.a.d.p.DruidDataSourceStatLoggerImpl - {"url":"jdbc:mysql://10.0.0.100:3306/dubbo_test?serverTimezone=GMT&useUnicode=true&characterEncoding=UTF-8","dbType":"mysql","name":"DataSource-1424439581","activeCount":0,"poolingCount":1,"connectCount":0,"closeCount":0}
12:15:53.411 [Druid-ConnectionPool-Log-1424439581] INFO  c.a.d.p.DruidDataSourceStatLoggerImpl - {"url":"jdbc:mysql://10.0.0.100:3306/dubbo_test?serverTimezone=GMT&useUnicode=true&characterEncoding=UTF-8","dbType":"mysql","name":"DataSource-1424439581","activeCount":0,"poolingCount":1,"connectCount":0,"closeCount":0}
12:20:53.411 [Druid-ConnectionPool-Log-1424439581] INFO  c.a.d.p.DruidDataSourceStatLoggerImpl - {"url":"jdbc:mysql://10.0.0.100:3306/dubbo_test?serverTimezone=GMT&useUnicode=true&characterEncoding=UTF-8","dbType":"mysql","name":"DataSource-1424439581","activeCount":0,"poolingCount":1,"connectCount":0,"closeCount":0}
12:25:53.411 [Druid-ConnectionPool-Log-1424439581] INFO  c.a.d.p.DruidDataSourceStatLoggerImpl - {"url":"jdbc:mysql://10.0.0.100:3306/dubbo_test?serverTimezone=GMT&useUnicode=true&characterEncoding=UTF-8","dbType":"mysql","name":"DataSource-1424439581","activeCount":0,"poolingCount":1,"connectCount":0,"closeCount":0}
12:30:53.412 [Druid-ConnectionPool-Log-1424439581] INFO  c.a.d.p.DruidDataSourceStatLoggerImpl - {"url":"jdbc:mysql://10.0.0.100:3306/dubbo_test?serverTimezone=GMT&useUnicode=true&characterEncoding=UTF-8","dbType":"mysql","name":"DataSource-1424439581","activeCount":0,"poolingCount":1,"connectCount":0,"closeCount":0}
12:35:53.413 [Druid-ConnectionPool-Log-1424439581] INFO  c.a.d.p.DruidDataSourceStatLoggerImpl - {"url":"jdbc:mysql://10.0.0.100:3306/dubbo_test?serverTimezone=GMT&useUnicode=true&characterEncoding=UTF-8","dbType":"mysql","name":"DataSource-1424439581","activeCount":0,"poolingCount":1,"connectCount":0,"closeCount":0}
12:40:53.413 [Druid-ConnectionPool-Log-1424439581] INFO  c.a.d.p.DruidDataSourceStatLoggerImpl - {"url":"jdbc:mysql://10.0.0.100:3306/dubbo_test?serverTimezone=GMT&useUnicode=true&characterEncoding=UTF-8","dbType":"mysql","name":"DataSource-1424439581","activeCount":0,"poolingCount":1,"connectCount":0,"closeCount":0}
12:45:53.414 [Druid-ConnectionPool-Log-1424439581] INFO  c.a.d.p.DruidDataSourceStatLoggerImpl - {"url":"jdbc:mysql://10.0.0.100:3306/dubbo_test?serverTimezone=GMT&useUnicode=true&characterEncoding=UTF-8","dbType":"mysql","name":"DataSource-1424439581","activeCount":0,"poolingCount":1,"connectCount":0,"closeCount":0}
12:50:53.414 [Druid-ConnectionPool-Log-1424439581] INFO  c.a.d.p.DruidDataSourceStatLoggerImpl - {"url":"jdbc:mysql://10.0.0.100:3306/dubbo_test?serverTimezone=GMT&useUnicode=true&characterEncoding=UTF-8","dbType":"mysql","name":"DataSource-1424439581","activeCount":0,"poolingCount":1,"connectCount":0,"closeCount":0}
12:55:53.415 [Druid-ConnectionPool-Log-1424439581] INFO  c.a.d.p.DruidDataSourceStatLoggerImpl - {"url":"jdbc:mysql://10.0.0.100:3306/dubbo_test?serverTimezone=GMT&useUnicode=true&characterEncoding=UTF-8","dbType":"mysql","name":"DataSource-1424439581","activeCount":0,"poolingCount":1,"connectCount":0,"closeCount":0}
13:00:53.416 [Druid-ConnectionPool-Log-1424439581] INFO  c.a.d.p.DruidDataSourceStatLoggerImpl - {"url":"jdbc:mysql://10.0.0.100:3306/dubbo_test?serverTimezone=GMT&useUnicode=true&characterEncoding=UTF-8","dbType":"mysql","name":"DataSource-1424439581","activeCount":0,"poolingCount":1,"connectCount":0,"closeCount":0}
13:05:53.417 [Druid-ConnectionPool-Log-1424439581] INFO  c.a.d.p.DruidDataSourceStatLoggerImpl - {"url":"jdbc:mysql://10.0.0.100:3306/dubbo_test?serverTimezone=GMT&useUnicode=true&characterEncoding=UTF-8","dbType":"mysql","name":"DataSource-1424439581","activeCount":0,"poolingCount":1,"connectCount":0,"closeCount":0}
13:10:53.417 [Druid-ConnectionPool-Log-1424439581] INFO  c.a.d.p.DruidDataSourceStatLoggerImpl - {"url":"jdbc:mysql://10.0.0.100:3306/dubbo_test?serverTimezone=GMT&useUnicode=true&characterEncoding=UTF-8","dbType":"mysql","name":"DataSource-1424439581","activeCount":0,"poolingCount":1,"connectCount":0,"closeCount":0}
13:15:53.417 [Druid-ConnectionPool-Log-1424439581] INFO  c.a.d.p.DruidDataSourceStatLoggerImpl - {"url":"jdbc:mysql://10.0.0.100:3306/dubbo_test?serverTimezone=GMT&useUnicode=true&characterEncoding=UTF-8","dbType":"mysql","name":"DataSource-1424439581","activeCount":0,"poolingCount":1,"connectCount":0,"closeCount":0}
13:20:53.417 [Druid-ConnectionPool-Log-1424439581] INFO  c.a.d.p.DruidDataSourceStatLoggerImpl - {"url":"jdbc:mysql://10.0.0.100:3306/dubbo_test?serverTimezone=GMT&useUnicode=true&characterEncoding=UTF-8","dbType":"mysql","name":"DataSource-1424439581","activeCount":0,"poolingCount":1,"connectCount":0,"closeCount":0}
13:25:53.418 [Druid-ConnectionPool-Log-1424439581] INFO  c.a.d.p.DruidDataSourceStatLoggerImpl - {"url":"jdbc:mysql://10.0.0.100:3306/dubbo_test?serverTimezone=GMT&useUnicode=true&characterEncoding=UTF-8","dbType":"mysql","name":"DataSource-1424439581","activeCount":0,"poolingCount":1,"connectCount":0,"closeCount":0}
13:30:53.418 [Druid-ConnectionPool-Log-1424439581] INFO  c.a.d.p.DruidDataSourceStatLoggerImpl - {"url":"jdbc:mysql://10.0.0.100:3306/dubbo_test?serverTimezone=GMT&useUnicode=true&characterEncoding=UTF-8","dbType":"mysql","name":"DataSource-1424439581","activeCount":0,"poolingCount":1,"connectCount":0,"closeCount":0}
13:35:53.418 [Druid-ConnectionPool-Log-1424439581] INFO  c.a.d.p.DruidDataSourceStatLoggerImpl - {"url":"jdbc:mysql://10.0.0.100:3306/dubbo_test?serverTimezone=GMT&useUnicode=true&characterEncoding=UTF-8","dbType":"mysql","name":"DataSource-1424439581","activeCount":0,"poolingCount":1,"connectCount":0,"closeCount":0}
13:36:52.489 [main] INFO  c.a.druid.pool.DruidDataSource - {dataSource-1} inited
13:36:52.495 [Druid-ConnectionPool-Log-62309924] INFO  c.a.d.p.DruidDataSourceStatLoggerImpl - {"url":"jdbc:mysql://10.0.0.100:3306/dubbo_test?serverTimezone=GMT&useUnicode=true&characterEncoding=UTF-8","dbType":"mysql","name":"DataSource-62309924","activeCount":0,"poolingCount":1,"poolingPeak":1,"poolingPeakTime":"2017-12-12 13:36:52","connectCount":0,"closeCount":0,"physicalConnectCount":1}
13:38:07.025 [DubboServerHandler-10.0.0.96:20880-thread-2] DEBUG c.a.d.pool.PreparedStatementPool - {conn-10001, pstmt-20000} enter cache
13:38:11.143 [DubboServerHandler-10.0.0.96:20880-thread-2] DEBUG c.a.d.pool.PreparedStatementPool - {conn-10001, pstmt-20001} enter cache
13:41:52.498 [Druid-ConnectionPool-Log-62309924] INFO  c.a.d.p.DruidDataSourceStatLoggerImpl - {"url":"jdbc:mysql://10.0.0.100:3306/dubbo_test?serverTimezone=GMT&useUnicode=true&characterEncoding=UTF-8","dbType":"mysql","name":"DataSource-62309924","activeCount":0,"activePeak":1,"activePeakTime":"2017-12-12 13:38:06","poolingCount":1,"poolingPeak":1,"poolingPeakTime":"2017-12-12 13:38:07","connectCount":6,"closeCount":6,"executeCount":6,"pstmtCacheHitCount":4,"pstmtCacheMissCount":2,"connectionHoldTimeHistogram":[0,4,1,1],"sqlList":[{"sql":"select `dubbo_test`.`sys_menu`.`id`, `dubbo_test`.`sys_menu`.`code`, `dubbo_test`.`sys_menu`.`name`, `dubbo_test`.`sys_menu`.`url`, `dubbo_test`.`sys_menu`.`parent_id` from `dubbo_test`.`sys_menu` order by count(*) desc limit ? offset ?","executeCount":3,"executeMillisMax":91,"executeMillisTotal":97,"executeHistogram":[0,2,1],"executeAndResultHoldHistogram":[3],"concurrentMax":1},{"sql":"select count(*) from dual","executeCount":3,"executeMillisMax":4,"executeMillisTotal":7,"executeHistogram":[0,3],"executeAndResultHoldHistogram":[3],"concurrentMax":1,"fetchRowCount":1,"fetchRowHistogram":[0,3]}]}
13:43:35.887 [DubboServerHandler-10.0.0.96:20880-thread-5] DEBUG c.a.d.pool.PreparedStatementPool - {conn-10001, pstmt-20002} enter cache
13:46:52.499 [Druid-ConnectionPool-Log-62309924] INFO  c.a.d.p.DruidDataSourceStatLoggerImpl - {"url":"jdbc:mysql://10.0.0.100:3306/dubbo_test?serverTimezone=GMT&useUnicode=true&characterEncoding=UTF-8","dbType":"mysql","name":"DataSource-62309924","activeCount":0,"activePeak":1,"activePeakTime":"2017-12-12 13:43:35","poolingCount":1,"poolingPeak":1,"poolingPeakTime":"2017-12-12 13:43:35","connectCount":2,"closeCount":2,"executeCount":2,"pstmtCacheHitCount":1,"pstmtCacheMissCount":1,"connectionHoldTimeHistogram":[0,2],"sqlList":[{"sql":"select count(*) from dual","executeCount":1,"executeMillisMax":1,"executeMillisTotal":1,"executeHistogram":[0,1],"executeAndResultHoldHistogram":[1],"concurrentMax":1,"fetchRowCount":1,"fetchRowHistogram":[0,1]},{"sql":"select `dubbo_test`.`sys_menu`.`id`, `dubbo_test`.`sys_menu`.`code`, `dubbo_test`.`sys_menu`.`name`, `dubbo_test`.`sys_menu`.`url`, `dubbo_test`.`sys_menu`.`parent_id` from `dubbo_test`.`sys_menu` order by count(*) desc limit ?","executeCount":1,"executeMillisMax":2,"executeMillisTotal":2,"executeHistogram":[0,1],"executeAndResultHoldHistogram":[1],"concurrentMax":1,"fetchRowCount":1,"fetchRowHistogram":[0,1]}]}
13:51:52.501 [Druid-ConnectionPool-Log-62309924] INFO  c.a.d.p.DruidDataSourceStatLoggerImpl - {"url":"jdbc:mysql://10.0.0.100:3306/dubbo_test?serverTimezone=GMT&useUnicode=true&characterEncoding=UTF-8","dbType":"mysql","name":"DataSource-62309924","activeCount":0,"activePeak":1,"activePeakTime":"2017-12-12 13:47:27","poolingCount":1,"poolingPeak":1,"poolingPeakTime":"2017-12-12 13:47:27","connectCount":8,"closeCount":8,"executeCount":8,"pstmtCacheHitCount":8,"connectionHoldTimeHistogram":[0,8],"sqlList":[{"sql":"select count(*) from dual","executeCount":4,"executeMillisMax":2,"executeMillisTotal":8,"executeHistogram":[0,4],"executeAndResultHoldHistogram":[4],"concurrentMax":1,"fetchRowCount":1,"fetchRowHistogram":[0,4]},{"sql":"select `dubbo_test`.`sys_menu`.`id`, `dubbo_test`.`sys_menu`.`code`, `dubbo_test`.`sys_menu`.`name`, `dubbo_test`.`sys_menu`.`url`, `dubbo_test`.`sys_menu`.`parent_id` from `dubbo_test`.`sys_menu` order by count(*) desc limit ?","executeCount":1,"executeMillisMax":3,"executeMillisTotal":3,"executeHistogram":[0,1],"executeAndResultHoldHistogram":[1],"concurrentMax":1,"fetchRowCount":1,"fetchRowHistogram":[0,1]},{"sql":"select `dubbo_test`.`sys_menu`.`id`, `dubbo_test`.`sys_menu`.`code`, `dubbo_test`.`sys_menu`.`name`, `dubbo_test`.`sys_menu`.`url`, `dubbo_test`.`sys_menu`.`parent_id` from `dubbo_test`.`sys_menu` order by count(*) desc limit ? offset ?","executeCount":3,"executeMillisMax":3,"executeMillisTotal":8,"executeHistogram":[0,3],"executeAndResultHoldHistogram":[3],"concurrentMax":1}]}
13:56:52.501 [Druid-ConnectionPool-Log-62309924] INFO  c.a.d.p.DruidDataSourceStatLoggerImpl - {"url":"jdbc:mysql://10.0.0.100:3306/dubbo_test?serverTimezone=GMT&useUnicode=true&characterEncoding=UTF-8","dbType":"mysql","name":"DataSource-62309924","activeCount":0,"poolingCount":1,"connectCount":0,"closeCount":0}
14:01:52.501 [Druid-ConnectionPool-Log-62309924] INFO  c.a.d.p.DruidDataSourceStatLoggerImpl - {"url":"jdbc:mysql://10.0.0.100:3306/dubbo_test?serverTimezone=GMT&useUnicode=true&characterEncoding=UTF-8","dbType":"mysql","name":"DataSource-62309924","activeCount":0,"poolingCount":1,"connectCount":0,"closeCount":0}
14:06:52.501 [Druid-ConnectionPool-Log-62309924] INFO  c.a.d.p.DruidDataSourceStatLoggerImpl - {"url":"jdbc:mysql://10.0.0.100:3306/dubbo_test?serverTimezone=GMT&useUnicode=true&characterEncoding=UTF-8","dbType":"mysql","name":"DataSource-62309924","activeCount":0,"poolingCount":1,"connectCount":0,"closeCount":0}
14:11:49.638 [main] INFO  c.a.druid.pool.DruidDataSource - {dataSource-1} inited
14:11:49.648 [Druid-ConnectionPool-Log-2036360618] INFO  c.a.d.p.DruidDataSourceStatLoggerImpl - {"url":"jdbc:mysql://10.0.0.100:3306/dubbo_test?serverTimezone=GMT&useUnicode=true&characterEncoding=UTF-8","dbType":"mysql","name":"DataSource-2036360618","activeCount":0,"poolingCount":1,"poolingPeak":1,"poolingPeakTime":"2017-12-12 14:11:49","connectCount":0,"closeCount":0,"physicalConnectCount":1}
14:13:27.341 [DubboServerHandler-10.0.0.96:20880-thread-4] DEBUG c.a.d.pool.PreparedStatementPool - {conn-10001, pstmt-20000} enter cache
14:13:27.376 [DubboServerHandler-10.0.0.96:20880-thread-4] DEBUG c.a.d.pool.PreparedStatementPool - {conn-10001, pstmt-20001} enter cache
14:15:34.560 [DubboServerHandler-10.0.0.96:20880-thread-7] DEBUG c.a.d.pool.PreparedStatementPool - {conn-10001, pstmt-20002} enter cache
14:16:49.651 [Druid-ConnectionPool-Log-2036360618] INFO  c.a.d.p.DruidDataSourceStatLoggerImpl - {"url":"jdbc:mysql://10.0.0.100:3306/dubbo_test?serverTimezone=GMT&useUnicode=true&characterEncoding=UTF-8","dbType":"mysql","name":"DataSource-2036360618","activeCount":0,"activePeak":1,"activePeakTime":"2017-12-12 14:13:27","poolingCount":1,"poolingPeak":1,"poolingPeakTime":"2017-12-12 14:13:27","connectCount":8,"closeCount":8,"executeCount":8,"pstmtCacheHitCount":5,"pstmtCacheMissCount":3,"connectionHoldTimeHistogram":[0,6,1,1],"sqlList":[{"sql":"select `dubbo_test`.`sys_menu`.`id`, `dubbo_test`.`sys_menu`.`code`, `dubbo_test`.`sys_menu`.`name`, `dubbo_test`.`sys_menu`.`url`, `dubbo_test`.`sys_menu`.`parent_id` from `dubbo_test`.`sys_menu` limit ?","executeCount":4,"executeMillisMax":22,"executeMillisTotal":31,"executeHistogram":[0,3,1],"executeAndResultHoldHistogram":[4],"concurrentMax":1,"fetchRowCount":5,"fetchRowHistogram":[0,4]},{"sql":"select count(*) from dual","executeCount":3,"executeMillisMax":1,"executeMillisTotal":5,"executeHistogram":[0,3],"executeAndResultHoldHistogram":[3],"concurrentMax":1,"fetchRowCount":1,"fetchRowHistogram":[0,3]},{"sql":"select count(*) from `dubbo_test`.`sys_menu`","executeCount":1,"executeMillisMax":4,"executeMillisTotal":4,"executeHistogram":[0,1],"executeAndResultHoldHistogram":[1],"concurrentMax":1,"fetchRowCount":1,"fetchRowHistogram":[0,1]}]}
14:20:22.149 [main] INFO  c.a.druid.pool.DruidDataSource - {dataSource-1} inited
14:20:22.154 [Druid-ConnectionPool-Log-681979935] INFO  c.a.d.p.DruidDataSourceStatLoggerImpl - {"url":"jdbc:mysql://10.0.0.100:3306/dubbo_test?serverTimezone=GMT&useUnicode=true&characterEncoding=UTF-8","dbType":"mysql","name":"DataSource-681979935","activeCount":0,"poolingCount":1,"poolingPeak":1,"poolingPeakTime":"2017-12-12 14:20:22","connectCount":0,"closeCount":0,"physicalConnectCount":1}
14:21:31.991 [main] INFO  c.a.druid.pool.DruidDataSource - {dataSource-1} inited
14:21:31.997 [Druid-ConnectionPool-Log-808653065] INFO  c.a.d.p.DruidDataSourceStatLoggerImpl - {"url":"jdbc:mysql://10.0.0.100:3306/dubbo_test?serverTimezone=GMT&useUnicode=true&characterEncoding=UTF-8","dbType":"mysql","name":"DataSource-808653065","activeCount":0,"poolingCount":1,"poolingPeak":1,"poolingPeakTime":"2017-12-12 14:21:31","connectCount":0,"closeCount":0,"physicalConnectCount":1}
14:23:38.533 [main] INFO  c.a.druid.pool.DruidDataSource - {dataSource-1} inited
14:23:38.541 [Druid-ConnectionPool-Log-88335763] INFO  c.a.d.p.DruidDataSourceStatLoggerImpl - {"url":"jdbc:mysql://10.0.0.100:3306/dubbo_test?serverTimezone=GMT&useUnicode=true&characterEncoding=UTF-8","dbType":"mysql","name":"DataSource-88335763","activeCount":0,"poolingCount":1,"poolingPeak":1,"poolingPeakTime":"2017-12-12 14:23:38","connectCount":0,"closeCount":0,"physicalConnectCount":1}
14:28:38.542 [Druid-ConnectionPool-Log-88335763] INFO  c.a.d.p.DruidDataSourceStatLoggerImpl - {"url":"jdbc:mysql://10.0.0.100:3306/dubbo_test?serverTimezone=GMT&useUnicode=true&characterEncoding=UTF-8","dbType":"mysql","name":"DataSource-88335763","activeCount":0,"poolingCount":1,"connectCount":0,"closeCount":0}
14:28:49.633 [main] INFO  c.a.druid.pool.DruidDataSource - {dataSource-1} inited
14:28:49.639 [Druid-ConnectionPool-Log-2036360618] INFO  c.a.d.p.DruidDataSourceStatLoggerImpl - {"url":"jdbc:mysql://10.0.0.100:3306/dubbo_test?serverTimezone=GMT&useUnicode=true&characterEncoding=UTF-8","dbType":"mysql","name":"DataSource-2036360618","activeCount":0,"poolingCount":1,"poolingPeak":1,"poolingPeakTime":"2017-12-12 14:28:49","connectCount":0,"closeCount":0,"physicalConnectCount":1}
14:33:49.640 [Druid-ConnectionPool-Log-2036360618] INFO  c.a.d.p.DruidDataSourceStatLoggerImpl - {"url":"jdbc:mysql://10.0.0.100:3306/dubbo_test?serverTimezone=GMT&useUnicode=true&characterEncoding=UTF-8","dbType":"mysql","name":"DataSource-2036360618","activeCount":0,"poolingCount":1,"connectCount":0,"closeCount":0}
14:34:04.216 [main] INFO  c.a.druid.pool.DruidDataSource - {dataSource-1} inited
14:34:04.225 [Druid-ConnectionPool-Log-2036360618] INFO  c.a.d.p.DruidDataSourceStatLoggerImpl - {"url":"jdbc:mysql://10.0.0.100:3306/dubbo_test?serverTimezone=GMT&useUnicode=true&characterEncoding=UTF-8","dbType":"mysql","name":"DataSource-2036360618","activeCount":0,"poolingCount":1,"poolingPeak":1,"poolingPeakTime":"2017-12-12 14:34:04","connectCount":0,"closeCount":0,"physicalConnectCount":1}
14:38:50.140 [main] INFO  c.a.druid.pool.DruidDataSource - {dataSource-1} inited
14:38:50.153 [Druid-ConnectionPool-Log-2036360618] INFO  c.a.d.p.DruidDataSourceStatLoggerImpl - {"url":"jdbc:mysql://10.0.0.100:3306/dubbo_test?serverTimezone=GMT&useUnicode=true&characterEncoding=UTF-8","dbType":"mysql","name":"DataSource-2036360618","activeCount":0,"poolingCount":1,"poolingPeak":1,"poolingPeakTime":"2017-12-12 14:38:50","connectCount":0,"closeCount":0,"physicalConnectCount":1}
14:43:50.153 [Druid-ConnectionPool-Log-2036360618] INFO  c.a.d.p.DruidDataSourceStatLoggerImpl - {"url":"jdbc:mysql://10.0.0.100:3306/dubbo_test?serverTimezone=GMT&useUnicode=true&characterEncoding=UTF-8","dbType":"mysql","name":"DataSource-2036360618","activeCount":0,"poolingCount":1,"connectCount":0,"closeCount":0}
14:48:50.153 [Druid-ConnectionPool-Log-2036360618] INFO  c.a.d.p.DruidDataSourceStatLoggerImpl - {"url":"jdbc:mysql://10.0.0.100:3306/dubbo_test?serverTimezone=GMT&useUnicode=true&characterEncoding=UTF-8","dbType":"mysql","name":"DataSource-2036360618","activeCount":0,"poolingCount":1,"connectCount":0,"closeCount":0}
14:53:50.154 [Druid-ConnectionPool-Log-2036360618] INFO  c.a.d.p.DruidDataSourceStatLoggerImpl - {"url":"jdbc:mysql://10.0.0.100:3306/dubbo_test?serverTimezone=GMT&useUnicode=true&characterEncoding=UTF-8","dbType":"mysql","name":"DataSource-2036360618","activeCount":0,"poolingCount":1,"connectCount":0,"closeCount":0}
14:55:02.788 [main] INFO  c.a.druid.pool.DruidDataSource - {dataSource-1} inited
14:55:02.790 [Druid-ConnectionPool-Log-681979935] INFO  c.a.d.p.DruidDataSourceStatLoggerImpl - {"url":"jdbc:mysql://10.0.0.100:3306/dubbo_test?serverTimezone=GMT&useUnicode=true&characterEncoding=UTF-8","dbType":"mysql","name":"DataSource-681979935","activeCount":0,"poolingCount":1,"poolingPeak":1,"poolingPeakTime":"2017-12-12 14:55:02","connectCount":0,"closeCount":0,"physicalConnectCount":1}
14:55:51.813 [DubboServerHandler-10.0.0.96:20880-thread-2] DEBUG c.a.d.pool.PreparedStatementPool - {conn-10001, pstmt-20000} enter cache
14:55:51.848 [DubboServerHandler-10.0.0.96:20880-thread-2] DEBUG c.a.d.pool.PreparedStatementPool - {conn-10001, pstmt-20001} enter cache
14:59:26.862 [DubboServerHandler-10.0.0.96:20880-thread-3] DEBUG c.a.d.pool.PreparedStatementPool - {conn-10001, pstmt-20002} enter cache
15:00:02.793 [Druid-ConnectionPool-Log-681979935] INFO  c.a.d.p.DruidDataSourceStatLoggerImpl - {"url":"jdbc:mysql://10.0.0.100:3306/dubbo_test?serverTimezone=GMT&useUnicode=true&characterEncoding=UTF-8","dbType":"mysql","name":"DataSource-681979935","activeCount":0,"activePeak":1,"activePeakTime":"2017-12-12 14:55:51","poolingCount":1,"poolingPeak":1,"poolingPeakTime":"2017-12-12 14:55:51","connectCount":2,"closeCount":2,"executeCount":4,"commitCount":2,"pstmtCacheHitCount":1,"pstmtCacheMissCount":3,"startTransactionCount":2,"transactionHistogram":[0,0,1,1],"connectionHoldTimeHistogram":[0,0,1,1],"sqlList":[{"sql":"select `dubbo_test`.`sys_menu`.`id`, `dubbo_test`.`sys_menu`.`code`, `dubbo_test`.`sys_menu`.`name`, `dubbo_test`.`sys_menu`.`url`, `dubbo_test`.`sys_menu`.`parent_id` from `dubbo_test`.`sys_menu` order by `dubbo_test`.`sys_menu`.`id` asc, `dubbo_test`.`sys_menu`.`name` desc limit ?","executeCount":1,"executeMillisMax":64,"executeMillisTotal":64,"executeHistogram":[0,0,1],"executeAndResultHoldHistogram":[1],"concurrentMax":1,"fetchRowCount":5,"fetchRowHistogram":[0,1],"inTransactionCount":1},{"sql":"select count(*) from `dubbo_test`.`sys_menu`","executeCount":2,"executeMillisMax":2,"executeMillisTotal":4,"executeHistogram":[0,2],"executeAndResultHoldHistogram":[2],"concurrentMax":1,"fetchRowCount":1,"fetchRowHistogram":[0,2],"inTransactionCount":2},{"sql":"select `dubbo_test`.`sys_menu`.`id`, `dubbo_test`.`sys_menu`.`name`, `dubbo_test`.`sys_menu`.`code`, `dubbo_test`.`sys_menu`.`url` from `dubbo_test`.`sys_menu` order by `dubbo_test`.`sys_menu`.`id` asc, `dubbo_test`.`sys_menu`.`name` desc limit ?","executeCount":1,"executeMillisMax":3,"executeMillisTotal":3,"executeHistogram":[0,1],"executeAndResultHoldHistogram":[1],"concurrentMax":1,"fetchRowCount":5,"fetchRowHistogram":[0,1],"inTransactionCount":1}]}
15:05:02.795 [Druid-ConnectionPool-Log-681979935] INFO  c.a.d.p.DruidDataSourceStatLoggerImpl - {"url":"jdbc:mysql://10.0.0.100:3306/dubbo_test?serverTimezone=GMT&useUnicode=true&characterEncoding=UTF-8","dbType":"mysql","name":"DataSource-681979935","activeCount":0,"poolingCount":1,"connectCount":0,"closeCount":0}
15:10:02.795 [Druid-ConnectionPool-Log-681979935] INFO  c.a.d.p.DruidDataSourceStatLoggerImpl - {"url":"jdbc:mysql://10.0.0.100:3306/dubbo_test?serverTimezone=GMT&useUnicode=true&characterEncoding=UTF-8","dbType":"mysql","name":"DataSource-681979935","activeCount":0,"poolingCount":1,"connectCount":0,"closeCount":0}
